Epoch,Loss,Value
0,recon_loss,5720.3150634765625
0,kl_loss,30.228688192367553
0,kl_loss_0,1.607507362961769
0,kl_loss_1,2.5516390442848205
0,kl_loss_2,5.194276681542396
0,kl_loss_3,3.3005388557910917
0,kl_loss_4,2.3795014530420304
0,kl_loss_5,2.023119682073593
0,kl_loss_6,1.9743504762649535
0,kl_loss_7,3.7440444588661195
0,kl_loss_8,4.479516702890396
0,kl_loss_9,2.97419336438179
0,loss,5752.443896484375
0,tc_loss,5.538905155658722
0,discrim_loss,0.16915012765675783
1,recon_loss,3955.2244506835937
1,kl_loss,30.637445831298827
1,kl_loss_0,2.102713406085968
1,kl_loss_1,3.332087743282318
1,kl_loss_2,3.8203460931777955
1,kl_loss_3,3.161107039451599
1,kl_loss_4,2.805069649219513
1,kl_loss_5,2.103475731611252
1,kl_loss_6,2.350294029712677
1,kl_loss_7,3.056261885166168
1,kl_loss_8,4.761784267425537
1,kl_loss_9,3.144306206703186
1,loss,3990.8850341796874
1,tc_loss,5.419967293739319
1,discrim_loss,0.06881044041365385
2,recon_loss,3930.389538574219
2,kl_loss,29.138562774658205
2,kl_loss_0,2.2392172694206236
2,kl_loss_1,3.1499521374702453
2,kl_loss_2,3.4768843770027162
2,kl_loss_3,2.9135356903076173
2,kl_loss_4,2.645613729953766
2,kl_loss_5,2.146008849143982
2,kl_loss_6,2.4016677379608153
2,kl_loss_7,2.9559309840202332
2,kl_loss_8,4.399669718742371
2,kl_loss_9,2.81008220911026
2,loss,3966.1813720703126
2,tc_loss,4.220674300193787
2,discrim_loss,0.09807626716792583
3,recon_loss,3844.0289794921873
3,kl_loss,28.56977996826172
3,kl_loss_0,2.3025355100631715
3,kl_loss_1,3.085591161251068
3,kl_loss_2,3.4466309666633608
3,kl_loss_3,2.8047467708587646
3,kl_loss_4,2.5992282390594483
3,kl_loss_5,2.178138768672943
3,kl_loss_6,2.391273355484009
3,kl_loss_7,2.7894054532051085
3,kl_loss_8,4.314475011825562
3,kl_loss_9,2.6577544450759887
3,loss,3880.8007568359376
3,tc_loss,3.6888111233711243
3,discrim_loss,0.11672351062297821
4,recon_loss,3823.48330078125
4,kl_loss,28.31202154159546
4,kl_loss_0,2.3170608997344972
4,kl_loss_1,3.028606355190277
4,kl_loss_2,3.4744049191474913
4,kl_loss_3,2.758582293987274
4,kl_loss_4,2.6426082611083985
4,kl_loss_5,2.191667687892914
4,kl_loss_6,2.3872645258903504
4,kl_loss_7,2.7197873830795287
4,kl_loss_8,4.168769943714142
4,kl_loss_9,2.6232694506645204
4,loss,3861.21884765625
4,tc_loss,3.2895749688148497
4,discrim_loss,0.14904224909842015
5,recon_loss,3789.3776341488488
5,kl_loss,28.209246284083317
5,kl_loss_0,2.3632982655575403
5,kl_loss_1,2.935740960271735
5,kl_loss_2,3.5082874925513017
5,kl_loss_3,2.770377359892193
5,kl_loss_4,2.6650914142006323
5,kl_loss_5,2.250960902163857
5,kl_loss_6,2.4171798103734066
5,kl_loss_7,2.6366899766420064
5,kl_loss_8,4.036247240869622
5,kl_loss_9,2.625372861561022
5,loss,3827.9294562088817
5,tc_loss,2.9700686806126644
5,discrim_loss,0.16627064033558495
6,recon_loss,3815.5083740234377
6,kl_loss,28.24131269454956
6,kl_loss_0,2.39588348865509
6,kl_loss_1,2.906969201564789
6,kl_loss_2,3.525683343410492
6,kl_loss_3,2.7701897382736207
6,kl_loss_4,2.696157252788544
6,kl_loss_5,2.2891472697257997
6,kl_loss_6,2.4265726923942568
6,kl_loss_7,2.626878762245178
6,kl_loss_8,3.9488834023475645
6,kl_loss_9,2.6549474477767943
6,loss,3854.1539916992188
6,tc_loss,2.5307809889316557
6,discrim_loss,0.20097135081887246
7,recon_loss,3804.318310546875
7,kl_loss,28.30628385543823
7,kl_loss_0,2.434261846542358
7,kl_loss_1,2.901584434509277
7,kl_loss_2,3.584682035446167
7,kl_loss_3,2.7613550662994384
7,kl_loss_4,2.6909514904022216
7,kl_loss_5,2.314677023887634
7,kl_loss_6,2.4393895626068116
7,kl_loss_7,2.611657464504242
7,kl_loss_8,3.9088109970092773
7,kl_loss_9,2.658914041519165
7,loss,3844.147814941406
7,tc_loss,2.429425650835037
7,discrim_loss,0.22336339056491852
8,recon_loss,3772.735791015625
8,kl_loss,28.3509952545166
8,kl_loss_0,2.449023652076721
8,kl_loss_1,2.890587937831879
8,kl_loss_2,3.5872657179832457
8,kl_loss_3,2.7584147214889527
8,kl_loss_4,2.697489655017853
8,kl_loss_5,2.342552900314331
8,kl_loss_6,2.4604552507400514
8,kl_loss_7,2.602109372615814
8,kl_loss_8,3.8718568801879885
8,kl_loss_9,2.6912393808364867
8,loss,3813.0751831054686
8,tc_loss,2.2262403070926666
8,discrim_loss,0.23477265387773513
9,recon_loss,3724.1064575195314
9,kl_loss,28.51850309371948
9,kl_loss_0,2.4754549741744993
9,kl_loss_1,2.8935192346572878
9,kl_loss_2,3.6156529545783997
9,kl_loss_3,2.7587992310523988
9,kl_loss_4,2.7155049800872804
9,kl_loss_5,2.38574196100235
9,kl_loss_6,2.47387375831604
9,kl_loss_7,2.624502956867218
9,kl_loss_8,3.8709887266159058
9,kl_loss_9,2.70446435213089
9,loss,3764.23857421875
9,tc_loss,1.9236315131187438
9,discrim_loss,0.26670579612255096
10,recon_loss,3750.3989990234377
10,kl_loss,28.47667827606201
10,kl_loss_0,2.487886035442352
10,kl_loss_1,2.86570348739624
10,kl_loss_2,3.5928148508071898
10,kl_loss_3,2.7533686757087708
10,kl_loss_4,2.7141377329826355
10,kl_loss_5,2.3899532318115235
10,kl_loss_6,2.477760112285614
10,kl_loss_7,2.618611788749695
10,kl_loss_8,3.859958803653717
10,kl_loss_9,2.7164835691452027
10,loss,3791.9217895507813
10,tc_loss,2.038931077718735
10,discrim_loss,0.26822429820895194
11,recon_loss,3716.9936908922696
11,kl_loss,28.75478252611662
11,kl_loss_0,2.5081652591103003
11,kl_loss_1,2.8637314595674215
11,kl_loss_2,3.6216086337440894
11,kl_loss_3,2.7775285620438424
11,kl_loss_4,2.746454878857261
11,kl_loss_5,2.443034372831646
11,kl_loss_6,2.521318197250366
11,kl_loss_7,2.665578653937892
11,kl_loss_8,3.874864879407381
11,kl_loss_9,2.7324977924949243
11,loss,3758.9644325657896
11,tc_loss,2.0649940089175574
11,discrim_loss,0.2718282381170674
12,recon_loss,3686.088903808594
12,kl_loss,28.91049575805664
12,kl_loss_0,2.527746891975403
12,kl_loss_1,2.8572826623916625
12,kl_loss_2,3.646893119812012
12,kl_loss_3,2.779782199859619
12,kl_loss_4,2.7717304944992067
12,kl_loss_5,2.460562694072723
12,kl_loss_6,2.5240280270576476
12,kl_loss_7,2.6824532985687255
12,kl_loss_8,3.898134434223175
12,kl_loss_9,2.7618821024894715
12,loss,3728.323486328125
12,tc_loss,2.081884765625
12,discrim_loss,0.26520749628543855
13,recon_loss,3749.606103515625
13,kl_loss,28.96044807434082
13,kl_loss_0,2.5311976313591003
13,kl_loss_1,2.8579121589660645
13,kl_loss_2,3.679029071331024
13,kl_loss_3,2.76320366859436
13,kl_loss_4,2.7785093784332275
13,kl_loss_5,2.4599449038505554
13,kl_loss_6,2.5241286754608154
13,kl_loss_7,2.683188092708588
13,kl_loss_8,3.921354043483734
13,kl_loss_9,2.7619806289672852
13,loss,3791.513952636719
13,tc_loss,2.0230291962623594
13,discrim_loss,0.27609350010752676
14,recon_loss,3735.25537109375
14,kl_loss,28.98447732925415
14,kl_loss_0,2.5245494484901427
14,kl_loss_1,2.834207499027252
14,kl_loss_2,3.7011456370353697
14,kl_loss_3,2.754759097099304
14,kl_loss_4,2.7844746708869934
14,kl_loss_5,2.4624727368354797
14,kl_loss_6,2.5167184352874754
14,kl_loss_7,2.6992536187171936
14,kl_loss_8,3.9371408104896544
14,kl_loss_9,2.7697551608085633
14,loss,3776.8587890625
14,tc_loss,1.9717099905014037
14,discrim_loss,0.2682229831814766
15,recon_loss,3752.159387207031
15,kl_loss,29.276406478881835
15,kl_loss_0,2.5430630683898925
15,kl_loss_1,2.8706541895866393
15,kl_loss_2,3.6785914063453675
15,kl_loss_3,2.7692625641822817
15,kl_loss_4,2.8196731209754944
15,kl_loss_5,2.4900795102119444
15,kl_loss_6,2.5696037292480467
15,kl_loss_7,2.7565436124801637
15,kl_loss_8,3.9772914171218874
15,kl_loss_9,2.801643490791321
15,loss,3793.9963134765626
15,tc_loss,1.9625788688659669
15,discrim_loss,0.2740515753626823
16,recon_loss,3695.7891524465463
16,kl_loss,29.391104547600996
16,kl_loss_0,2.5732579231262207
16,kl_loss_1,2.8806202035201225
16,kl_loss_2,3.6771979833904065
16,kl_loss_3,2.7742841745677747
16,kl_loss_4,2.826037281437924
16,kl_loss_5,2.51010220929196
16,kl_loss_6,2.5748319249404106
16,kl_loss_7,2.77815392142848
16,kl_loss_8,3.9838208022870516
16,kl_loss_9,2.8127981361589933
16,loss,3738.0620888157896
16,tc_loss,2.012791733992727
16,discrim_loss,0.27541722278845937
17,recon_loss,3693.202282714844
17,kl_loss,29.3168062210083
17,kl_loss_0,2.5603041887283324
17,kl_loss_1,2.875037229061127
17,kl_loss_2,3.660483491420746
17,kl_loss_3,2.7625948548316956
17,kl_loss_4,2.819868779182434
17,kl_loss_5,2.5028810501098633
17,kl_loss_6,2.577011227607727
17,kl_loss_7,2.776491117477417
17,kl_loss_8,3.9678213596343994
17,kl_loss_9,2.8143129110336305
17,loss,3734.827490234375
17,tc_loss,1.9231833159923553
17,discrim_loss,0.273299902677536
18,recon_loss,3720.4889892578126
18,kl_loss,29.7527174949646
18,kl_loss_0,2.6042426466941833
18,kl_loss_1,2.9005987286567687
18,kl_loss_2,3.7230484247207642
18,kl_loss_3,2.7975013136863707
18,kl_loss_4,2.84902765750885
18,kl_loss_5,2.5481986165046693
18,kl_loss_6,2.621552550792694
18,kl_loss_7,2.8157214760780334
18,kl_loss_8,4.035421884059906
18,kl_loss_9,2.8574043989181517
18,loss,3763.9110107421875
18,tc_loss,2.1358249962329863
18,discrim_loss,0.26548182368278506
19,recon_loss,3726.8247924804687
19,kl_loss,29.576770496368407
19,kl_loss_0,2.590692174434662
19,kl_loss_1,2.8806982398033143
19,kl_loss_2,3.7134622931480408
19,kl_loss_3,2.7546533226966856
19,kl_loss_4,2.8301047682762146
19,kl_loss_5,2.521475851535797
19,kl_loss_6,2.6035411953926086
19,kl_loss_7,2.8179901480674743
19,kl_loss_8,4.034674060344696
19,kl_loss_9,2.829478681087494
19,loss,3769.3787475585937
19,tc_loss,2.027686578035355
19,discrim_loss,0.2745640739798546
20,recon_loss,3676.073828125
20,kl_loss,29.733458518981934
20,kl_loss_0,2.594105935096741
20,kl_loss_1,2.888298952579498
20,kl_loss_2,3.733026659488678
20,kl_loss_3,2.7625807404518126
20,kl_loss_4,2.851011836528778
20,kl_loss_5,2.523631417751312
20,kl_loss_6,2.6345073699951174
20,kl_loss_7,2.8330496072769167
20,kl_loss_8,4.08293331861496
20,kl_loss_9,2.830312204360962
20,loss,3718.6929321289062
20,tc_loss,2.013385260105133
20,discrim_loss,0.2846225142478943
21,recon_loss,3664.258154296875
21,kl_loss,29.75747194290161
21,kl_loss_0,2.5971088886260985
21,kl_loss_1,2.8944164276123048
21,kl_loss_2,3.746287667751312
21,kl_loss_3,2.7485134959220887
21,kl_loss_4,2.8423277974128722
21,kl_loss_5,2.536446249485016
21,kl_loss_6,2.642486834526062
21,kl_loss_7,2.8339674830436707
21,kl_loss_8,4.085343778133392
21,kl_loss_9,2.830573296546936
21,loss,3706.2224975585937
21,tc_loss,1.907330369949341
21,discrim_loss,0.29201058894395826
22,recon_loss,3711.5741802014804
22,kl_loss,29.200205351177015
22,kl_loss_0,2.5676311819176925
22,kl_loss_1,2.839093898472033
22,kl_loss_2,3.6845992991798804
22,kl_loss_3,2.700928060632003
22,kl_loss_4,2.7769698218295447
22,kl_loss_5,2.4895322950262773
22,kl_loss_6,2.5788200027064274
22,kl_loss_7,2.780397741418136
22,kl_loss_8,3.989184341932598
22,kl_loss_9,2.7930486453206917
22,loss,3754.1989617598683
22,tc_loss,2.0975846240394995
22,discrim_loss,0.326655985493409
23,recon_loss,3728.798937988281
23,kl_loss,29.058327007293702
23,kl_loss_0,2.5592963695526123
23,kl_loss_1,2.8332630157470704
23,kl_loss_2,3.651960015296936
23,kl_loss_3,2.6959278702735903
23,kl_loss_4,2.764702868461609
23,kl_loss_5,2.466888403892517
23,kl_loss_6,2.5828234553337097
23,kl_loss_7,2.768820881843567
23,kl_loss_8,3.9525856137275697
23,kl_loss_9,2.782058668136597
23,loss,3770.8699340820312
23,tc_loss,2.0332328915596007
23,discrim_loss,0.3218428686261177
24,recon_loss,3727.795129394531
24,kl_loss,28.723881435394286
24,kl_loss_0,2.5414508461952208
24,kl_loss_1,2.7713868975639344
24,kl_loss_2,3.628089928627014
24,kl_loss_3,2.634857749938965
24,kl_loss_4,2.7269211411476135
24,kl_loss_5,2.425545608997345
24,kl_loss_6,2.5450389623641967
24,kl_loss_7,2.757027339935303
24,kl_loss_8,3.9506928443908693
24,kl_loss_9,2.742870044708252
24,loss,3769.138317871094
24,tc_loss,1.9717702329158784
24,discrim_loss,0.3279124662280083
25,recon_loss,3728.213342285156
25,kl_loss,28.672742938995363
25,kl_loss_0,2.527316117286682
25,kl_loss_1,2.7540409445762633
25,kl_loss_2,3.613603937625885
25,kl_loss_3,2.6264434933662413
25,kl_loss_4,2.697222900390625
25,kl_loss_5,2.4393976807594298
25,kl_loss_6,2.574151575565338
25,kl_loss_7,2.747219431400299
25,kl_loss_8,3.9393953323364257
25,kl_loss_9,2.7539517521858214
25,loss,3768.8697143554687
25,tc_loss,1.8724386036396026
25,discrim_loss,0.33302772641181944
26,recon_loss,3736.277722167969
26,kl_loss,28.814002227783202
26,kl_loss_0,2.5404788136482237
26,kl_loss_1,2.7642178535461426
26,kl_loss_2,3.6369653224945067
26,kl_loss_3,2.623260128498077
26,kl_loss_4,2.728250801563263
26,kl_loss_5,2.446722936630249
26,kl_loss_6,2.612064552307129
26,kl_loss_7,2.7595814943313597
26,kl_loss_8,3.93704332113266
26,kl_loss_9,2.765416646003723
26,loss,3778.0321533203123
26,tc_loss,2.0219508349895476
26,discrim_loss,0.3158046841621399
27,recon_loss,3630.558349609375
27,kl_loss,28.66898707339638
27,kl_loss_0,2.5144700376611007
27,kl_loss_1,2.753261265001799
27,kl_loss_2,3.6602358692570736
27,kl_loss_3,2.60502216690465
27,kl_loss_4,2.6902635975887903
27,kl_loss_5,2.429973087812725
27,kl_loss_6,2.5981791521373547
27,kl_loss_7,2.7092994890714945
27,kl_loss_8,3.9644134044647217
27,kl_loss_9,2.743868815271478
27,loss,3671.5294510690787
27,tc_loss,1.9222075562728078
27,discrim_loss,0.3279869948562823
28,recon_loss,3666.6556030273437
28,kl_loss,28.684116935729982
28,kl_loss_0,2.5000151991844177
28,kl_loss_1,2.7609185099601747
28,kl_loss_2,3.6782111287117005
28,kl_loss_3,2.5889201402664184
28,kl_loss_4,2.680821657180786
28,kl_loss_5,2.4255486607551573
28,kl_loss_6,2.6163747787475584
28,kl_loss_7,2.7383686780929564
28,kl_loss_8,3.970224606990814
28,kl_loss_9,2.7247131943702696
28,loss,3707.1605590820313
28,tc_loss,1.8470038592815399
28,discrim_loss,0.3152157410979271
